[2021-04-02T10:26:35.668220+02:00] request.INFO: Matched route "product_search". {"route":"product_search","route_parameters":{"_route":"product_search","_controller":"App\\Controller\\ProductController::searchByBarcode"},"request_uri":"http://wassimdahmane.fr/product/search","method":"POST"} []
[2021-04-02T10:26:35.679987+02:00] security.DEBUG: Read existing security token from the session. {"key":"_security_main","token_class":"Symfony\\Component\\Security\\Guard\\Token\\PostAuthenticationGuardToken"} []
[2021-04-02T10:26:35.718098+02:00] security.DEBUG: User was reloaded from a user provider. {"provider":"Symfony\\Bridge\\Doctrine\\Security\\User\\EntityUserProvider","username":"admin"} []
[2021-04-02T10:26:35.718175+02:00] security.DEBUG: Checking for guard authentication credentials. {"firewall_key":"main","authenticators":1} []
[2021-04-02T10:26:35.718192+02:00] security.DEBUG: Checking support on guard authenticator. {"firewall_key":"main","authenticator":"App\\Security\\LoginFormAuthenticator"} []
[2021-04-02T10:26:35.718206+02:00] security.DEBUG: Guard authenticator does not support the request. {"firewall_key":"main","authenticator":"App\\Security\\LoginFormAuthenticator"} []
[2021-04-02T10:26:35.728412+02:00] php.CRITICAL: Uncaught Error: Call to a member function getName() on null {"exception":"[object] (Error(code: 0): Call to a member function getName() on null at /homepages/34/d711344799/htdocs/eiffage/src/Controller/ProductController.php:163)"} []
[2021-04-02T10:26:35.730783+02:00] request.CRITICAL: Uncaught PHP Exception Error: "Call to a member function getName() on null" at /homepages/34/d711344799/htdocs/eiffage/src/Controller/ProductController.php line 163 {"exception":"[object] (Error(code: 0): Call to a member function getName() on null at /homepages/34/d711344799/htdocs/eiffage/src/Controller/ProductController.php:163)"} []
[2021-04-02T10:26:35.752655+02:00] security.DEBUG: Stored the security token in the session. {"key":"_security_main"} []
[2021-04-02T14:30:32.485451+02:00] request.INFO: Matched route "user_index". {"route":"user_index","route_parameters":{"_route":"user_index","_controller":"App\\Controller\\UserController::index"},"request_uri":"http://wassimdahmane.fr/user/","method":"GET"} []
[2021-04-02T14:30:32.495105+02:00] security.DEBUG: Checking for guard authentication credentials. {"firewall_key":"main","authenticators":1} []
[2021-04-02T14:30:32.495121+02:00] security.DEBUG: Checking support on guard authenticator. {"firewall_key":"main","authenticator":"App\\Security\\LoginFormAuthenticator"} []
[2021-04-02T14:30:32.495128+02:00] security.DEBUG: Guard authenticator does not support the request. {"firewall_key":"main","authenticator":"App\\Security\\LoginFormAuthenticator"} []
[2021-04-02T14:30:32.521204+02:00] security.INFO: Populated the TokenStorage with an anonymous Token. [] []
[2021-04-02T14:30:32.531067+02:00] php.CRITICAL: Uncaught Error: Return value of App\Controller\UserController::index() must be an instance of Symfony\Component\HttpFoundation\Response, none returned {"exception":"[object] (TypeError(code: 0): Return value of App\\Controller\\UserController::index() must be an instance of Symfony\\Component\\HttpFoundation\\Response, none returned at /homepages/34/d711344799/htdocs/eiffage/src/Controller/UserController.php:41)"} []
[2021-04-02T14:30:32.718387+02:00] request.CRITICAL: Uncaught PHP Exception TypeError: "Return value of App\Controller\UserController::index() must be an instance of Symfony\Component\HttpFoundation\Response, none returned" at /homepages/34/d711344799/htdocs/eiffage/src/Controller/UserController.php line 41 {"exception":"[object] (TypeError(code: 0): Return value of App\\Controller\\UserController::index() must be an instance of Symfony\\Component\\HttpFoundation\\Response, none returned at /homepages/34/d711344799/htdocs/eiffage/src/Controller/UserController.php:41)"} []
[2021-04-02T14:31:21.466653+02:00] request.INFO: Matched route "product_index". {"route":"product_index","route_parameters":{"_route":"product_index","_controller":"App\\Controller\\ProductController::index"},"request_uri":"http://wassimdahmane.fr/product/","method":"GET"} []
[2021-04-02T14:31:21.479507+02:00] security.DEBUG: Checking for guard authentication credentials. {"firewall_key":"main","authenticators":1} []
[2021-04-02T14:31:21.479525+02:00] security.DEBUG: Checking support on guard authenticator. {"firewall_key":"main","authenticator":"App\\Security\\LoginFormAuthenticator"} []
[2021-04-02T14:31:21.479532+02:00] security.DEBUG: Guard authenticator does not support the request. {"firewall_key":"main","authenticator":"App\\Security\\LoginFormAuthenticator"} []
[2021-04-02T14:31:21.536311+02:00] security.INFO: Populated the TokenStorage with an anonymous Token. [] []
[2021-04-02T14:31:21.537017+02:00] php.CRITICAL: Uncaught Error: Return value of App\Controller\ProductController::index() must be an instance of Symfony\Component\HttpFoundation\Response, none returned {"exception":"[object] (TypeError(code: 0): Return value of App\\Controller\\ProductController::index() must be an instance of Symfony\\Component\\HttpFoundation\\Response, none returned at /homepages/34/d711344799/htdocs/eiffage/src/Controller/ProductController.php:71)"} []
[2021-04-02T14:31:21.540735+02:00] request.CRITICAL: Uncaught PHP Exception TypeError: "Return value of App\Controller\ProductController::index() must be an instance of Symfony\Component\HttpFoundation\Response, none returned" at /homepages/34/d711344799/htdocs/eiffage/src/Controller/ProductController.php line 71 {"exception":"[object] (TypeError(code: 0): Return value of App\\Controller\\ProductController::index() must be an instance of Symfony\\Component\\HttpFoundation\\Response, none returned at /homepages/34/d711344799/htdocs/eiffage/src/Controller/ProductController.php:71)"} []
[2021-04-12T12:00:32.008746+02:00] request.INFO: Matched route "product_search". {"route":"product_search","route_parameters":{"_route":"product_search","_controller":"App\\Controller\\ProductController::searchByBarcode"},"request_uri":"http://wassimdahmane.fr/product/search","method":"POST"} []
[2021-04-12T12:00:32.026527+02:00] security.DEBUG: Read existing security token from the session. {"key":"_security_main","token_class":"Symfony\\Component\\Security\\Guard\\Token\\PostAuthenticationGuardToken"} []
[2021-04-12T12:00:32.070814+02:00] security.DEBUG: User was reloaded from a user provider. {"provider":"Symfony\\Bridge\\Doctrine\\Security\\User\\EntityUserProvider","username":"admin"} []
[2021-04-12T12:00:32.070873+02:00] security.DEBUG: Checking for guard authentication credentials. {"firewall_key":"main","authenticators":1} []
[2021-04-12T12:00:32.070887+02:00] security.DEBUG: Checking support on guard authenticator. {"firewall_key":"main","authenticator":"App\\Security\\LoginFormAuthenticator"} []
[2021-04-12T12:00:32.070899+02:00] security.DEBUG: Guard authenticator does not support the request. {"firewall_key":"main","authenticator":"App\\Security\\LoginFormAuthenticator"} []
[2021-04-12T12:00:32.829926+02:00] php.CRITICAL: Uncaught Error: Call to a member function getName() on null {"exception":"[object] (Error(code: 0): Call to a member function getName() on null at /homepages/34/d711344799/htdocs/eiffage/src/Controller/ProductController.php:163)"} []
[2021-04-12T12:00:33.110148+02:00] request.CRITICAL: Uncaught PHP Exception Error: "Call to a member function getName() on null" at /homepages/34/d711344799/htdocs/eiffage/src/Controller/ProductController.php line 163 {"exception":"[object] (Error(code: 0): Call to a member function getName() on null at /homepages/34/d711344799/htdocs/eiffage/src/Controller/ProductController.php:163)"} []
[2021-04-12T12:00:34.645100+02:00] security.DEBUG: Stored the security token in the session. {"key":"_security_main"} []
[2021-04-12T12:00:35.198396+02:00] request.INFO: Matched route "product_search". {"route":"product_search","route_parameters":{"_route":"product_search","_controller":"App\\Controller\\ProductController::searchByBarcode"},"request_uri":"http://wassimdahmane.fr/product/search","method":"POST"} []
[2021-04-12T12:00:35.210204+02:00] security.DEBUG: Read existing security token from the session. {"key":"_security_main","token_class":"Symfony\\Component\\Security\\Guard\\Token\\PostAuthenticationGuardToken"} []
[2021-04-12T12:00:35.241334+02:00] security.DEBUG: User was reloaded from a user provider. {"provider":"Symfony\\Bridge\\Doctrine\\Security\\User\\EntityUserProvider","username":"admin"} []
[2021-04-12T12:00:35.241375+02:00] security.DEBUG: Checking for guard authentication credentials. {"firewall_key":"main","authenticators":1} []
[2021-04-12T12:00:35.241385+02:00] security.DEBUG: Checking support on guard authenticator. {"firewall_key":"main","authenticator":"App\\Security\\LoginFormAuthenticator"} []
[2021-04-12T12:00:35.241392+02:00] security.DEBUG: Guard authenticator does not support the request. {"firewall_key":"main","authenticator":"App\\Security\\LoginFormAuthenticator"} []
[2021-04-12T12:00:35.248761+02:00] php.CRITICAL: Uncaught Error: Call to a member function getName() on null {"exception":"[object] (Error(code: 0): Call to a member function getName() on null at /homepages/34/d711344799/htdocs/eiffage/src/Controller/ProductController.php:163)"} []
[2021-04-12T12:00:35.251156+02:00] request.CRITICAL: Uncaught PHP Exception Error: "Call to a member function getName() on null" at /homepages/34/d711344799/htdocs/eiffage/src/Controller/ProductController.php line 163 {"exception":"[object] (Error(code: 0): Call to a member function getName() on null at /homepages/34/d711344799/htdocs/eiffage/src/Controller/ProductController.php:163)"} []
[2021-04-12T12:00:35.277902+02:00] security.DEBUG: Stored the security token in the session. {"key":"_security_main"} []
[2021-04-12T14:18:11.124848+02:00] request.INFO: Matched route "download_label". {"route":"download_label","route_parameters":{"_route":"download_label","_controller":"App\\Controller\\LabelController::downloadLabels"},"request_uri":"http://wassimdahmane.fr/label/download","method":"GET"} []
[2021-04-12T14:18:11.134585+02:00] security.DEBUG: Checking for guard authentication credentials. {"firewall_key":"main","authenticators":1} []
[2021-04-12T14:18:11.134602+02:00] security.DEBUG: Checking support on guard authenticator. {"firewall_key":"main","authenticator":"App\\Security\\LoginFormAuthenticator"} []
[2021-04-12T14:18:11.134608+02:00] security.DEBUG: Guard authenticator does not support the request. {"firewall_key":"main","authenticator":"App\\Security\\LoginFormAuthenticator"} []
[2021-04-12T14:18:11.165920+02:00] request.CRITICAL: Uncaught PHP Exception Symfony\Component\HttpKernel\Exception\ControllerDoesNotReturnResponseException: "The controller must return a "Symfony\Component\HttpFoundation\Response" object but it returned null. Did you forget to add a return statement somewhere in your controller?" at /homepages/34/d711344799/htdocs/eiffage/src/Controller/LabelController.php line 89 {"exception":"[object] (Symfony\\Component\\HttpKernel\\Exception\\ControllerDoesNotReturnResponseException(code: 0): The controller must return a \"Symfony\\Component\\HttpFoundation\\Response\" object but it returned null. Did you forget to add a return statement somewhere in your controller? at /homepages/34/d711344799/htdocs/eiffage/src/Controller/LabelController.php:89)"} []
[2021-04-22T19:23:27.641530+02:00] request.INFO: Matched route "product_show". {"route":"product_show","route_parameters":{"_route":"product_show","_controller":"App\\Controller\\ProductController::show","id":"1"},"request_uri":"http://wassimdahmane.fr/product/1","method":"GET"} []
[2021-04-22T19:23:27.650788+02:00] security.DEBUG: Checking for guard authentication credentials. {"firewall_key":"main","authenticators":1} []
[2021-04-22T19:23:27.650803+02:00] security.DEBUG: Checking support on guard authenticator. {"firewall_key":"main","authenticator":"App\\Security\\LoginFormAuthenticator"} []
[2021-04-22T19:23:27.650809+02:00] security.DEBUG: Guard authenticator does not support the request. {"firewall_key":"main","authenticator":"App\\Security\\LoginFormAuthenticator"} []
[2021-04-22T19:23:27.727039+02:00] security.DEBUG: Read existing security token from the session. {"key":"_security_main","token_class":"Symfony\\Component\\Security\\Guard\\Token\\PostAuthenticationGuardToken"} []
[2021-04-22T19:23:27.728944+02:00] security.DEBUG: User was reloaded from a user provider. {"provider":"Symfony\\Bridge\\Doctrine\\Security\\User\\EntityUserProvider","username":"admin"} []
[2021-04-22T19:23:27.738307+02:00] php.CRITICAL: Uncaught Error: Object of class Proxies\__CG__\App\Entity\Provider could not be converted to string {"exception":"[object] (Error(code: 0): Object of class Proxies\\__CG__\\App\\Entity\\Provider could not be converted to string at /homepages/34/d711344799/htdocs/eiffage/var/cache/prod/twig/cd/cd4b97132c92437ff241c2580a0515d801c793dee3b41c7184a94a5412683601.php:92)"} []
[2021-04-22T19:23:27.815317+02:00] request.CRITICAL: Uncaught PHP Exception Error: "Object of class Proxies\__CG__\App\Entity\Provider could not be converted to string" at /homepages/34/d711344799/htdocs/eiffage/var/cache/prod/twig/cd/cd4b97132c92437ff241c2580a0515d801c793dee3b41c7184a94a5412683601.php line 92 {"exception":"[object] (Error(code: 0): Object of class Proxies\\__CG__\\App\\Entity\\Provider could not be converted to string at /homepages/34/d711344799/htdocs/eiffage/var/cache/prod/twig/cd/cd4b97132c92437ff241c2580a0515d801c793dee3b41c7184a94a5412683601.php:92)"} []
[2021-04-22T19:23:27.831043+02:00] security.DEBUG: Stored the security token in the session. {"key":"_security_main"} []
[2021-04-23T09:31:51.500438+02:00] request.INFO: Matched route "user_index". {"route":"user_index","route_parameters":{"_route":"user_index","_controller":"App\\Controller\\UserController::index"},"request_uri":"http://wassimdahmane.fr/user/","method":"GET"} []
[2021-04-23T09:31:51.511481+02:00] security.DEBUG: Checking for guard authentication credentials. {"firewall_key":"main","authenticators":1} []
[2021-04-23T09:31:51.511496+02:00] security.DEBUG: Checking support on guard authenticator. {"firewall_key":"main","authenticator":"App\\Security\\LoginFormAuthenticator"} []
[2021-04-23T09:31:51.511502+02:00] security.DEBUG: Guard authenticator does not support the request. {"firewall_key":"main","authenticator":"App\\Security\\LoginFormAuthenticator"} []
[2021-04-23T09:31:51.537060+02:00] security.INFO: Populated the TokenStorage with an anonymous Token. [] []
[2021-04-23T09:31:51.553954+02:00] php.CRITICAL: Uncaught Error: Return value of App\Controller\UserController::index() must be an instance of Symfony\Component\HttpFoundation\Response, none returned {"exception":"[object] (TypeError(code: 0): Return value of App\\Controller\\UserController::index() must be an instance of Symfony\\Component\\HttpFoundation\\Response, none returned at /homepages/34/d711344799/htdocs/eiffage/src/Controller/UserController.php:41)"} []
[2021-04-23T09:31:51.773267+02:00] request.CRITICAL: Uncaught PHP Exception TypeError: "Return value of App\Controller\UserController::index() must be an instance of Symfony\Component\HttpFoundation\Response, none returned" at /homepages/34/d711344799/htdocs/eiffage/src/Controller/UserController.php line 41 {"exception":"[object] (TypeError(code: 0): Return value of App\\Controller\\UserController::index() must be an instance of Symfony\\Component\\HttpFoundation\\Response, none returned at /homepages/34/d711344799/htdocs/eiffage/src/Controller/UserController.php:41)"} []
[2021-04-23T09:33:08.385789+02:00] request.INFO: Matched route "product_index". {"route":"product_index","route_parameters":{"_route":"product_index","_controller":"App\\Controller\\ProductController::index"},"request_uri":"http://wassimdahmane.fr/product/","method":"GET"} []
[2021-04-23T09:33:08.396171+02:00] security.DEBUG: Checking for guard authentication credentials. {"firewall_key":"main","authenticators":1} []
[2021-04-23T09:33:08.396187+02:00] security.DEBUG: Checking support on guard authenticator. {"firewall_key":"main","authenticator":"App\\Security\\LoginFormAuthenticator"} []
[2021-04-23T09:33:08.396194+02:00] security.DEBUG: Guard authenticator does not support the request. {"firewall_key":"main","authenticator":"App\\Security\\LoginFormAuthenticator"} []
[2021-04-23T09:33:08.523848+02:00] security.INFO: Populated the TokenStorage with an anonymous Token. [] []
[2021-04-23T09:33:08.524498+02:00] php.CRITICAL: Uncaught Error: Return value of App\Controller\ProductController::index() must be an instance of Symfony\Component\HttpFoundation\Response, none returned {"exception":"[object] (TypeError(code: 0): Return value of App\\Controller\\ProductController::index() must be an instance of Symfony\\Component\\HttpFoundation\\Response, none returned at /homepages/34/d711344799/htdocs/eiffage/src/Controller/ProductController.php:71)"} []
[2021-04-23T09:33:08.528414+02:00] request.CRITICAL: Uncaught PHP Exception TypeError: "Return value of App\Controller\ProductController::index() must be an instance of Symfony\Component\HttpFoundation\Response, none returned" at /homepages/34/d711344799/htdocs/eiffage/src/Controller/ProductController.php line 71 {"exception":"[object] (TypeError(code: 0): Return value of App\\Controller\\ProductController::index() must be an instance of Symfony\\Component\\HttpFoundation\\Response, none returned at /homepages/34/d711344799/htdocs/eiffage/src/Controller/ProductController.php:71)"} []
[2021-05-18T08:06:28.449111+02:00] request.INFO: Matched route "product_index". {"route":"product_index","route_parameters":{"_route":"product_index","_controller":"App\\Controller\\ProductController::index"},"request_uri":"http://wassimdahmane.fr/product/","method":"GET"} []
[2021-05-18T08:06:28.458647+02:00] security.DEBUG: Checking for guard authentication credentials. {"firewall_key":"main","authenticators":1} []
[2021-05-18T08:06:28.458662+02:00] security.DEBUG: Checking support on guard authenticator. {"firewall_key":"main","authenticator":"App\\Security\\LoginFormAuthenticator"} []
[2021-05-18T08:06:28.458669+02:00] security.DEBUG: Guard authenticator does not support the request. {"firewall_key":"main","authenticator":"App\\Security\\LoginFormAuthenticator"} []
[2021-05-18T08:06:28.512793+02:00] security.INFO: Populated the TokenStorage with an anonymous Token. [] []
[2021-05-18T08:06:28.522516+02:00] php.CRITICAL: Uncaught Error: Return value of App\Controller\ProductController::index() must be an instance of Symfony\Component\HttpFoundation\Response, none returned {"exception":"[object] (TypeError(code: 0): Return value of App\\Controller\\ProductController::index() must be an instance of Symfony\\Component\\HttpFoundation\\Response, none returned at /homepages/34/d711344799/htdocs/eiffage/src/Controller/ProductController.php:71)"} []
[2021-05-18T08:06:28.624664+02:00] request.CRITICAL: Uncaught PHP Exception TypeError: "Return value of App\Controller\ProductController::index() must be an instance of Symfony\Component\HttpFoundation\Response, none returned" at /homepages/34/d711344799/htdocs/eiffage/src/Controller/ProductController.php line 71 {"exception":"[object] (TypeError(code: 0): Return value of App\\Controller\\ProductController::index() must be an instance of Symfony\\Component\\HttpFoundation\\Response, none returned at /homepages/34/d711344799/htdocs/eiffage/src/Controller/ProductController.php:71)"} []
[2021-05-18T08:12:53.578693+02:00] request.INFO: Matched route "user_index". {"route":"user_index","route_parameters":{"_route":"user_index","_controller":"App\\Controller\\UserController::index"},"request_uri":"http://wassimdahmane.fr/user/","method":"GET"} []
[2021-05-18T08:12:53.588241+02:00] security.DEBUG: Checking for guard authentication credentials. {"firewall_key":"main","authenticators":1} []
[2021-05-18T08:12:53.588257+02:00] security.DEBUG: Checking support on guard authenticator. {"firewall_key":"main","authenticator":"App\\Security\\LoginFormAuthenticator"} []
[2021-05-18T08:12:53.588263+02:00] security.DEBUG: Guard authenticator does not support the request. {"firewall_key":"main","authenticator":"App\\Security\\LoginFormAuthenticator"} []
[2021-05-18T08:12:53.613972+02:00] security.INFO: Populated the TokenStorage with an anonymous Token. [] []
[2021-05-18T08:12:53.614529+02:00] php.CRITICAL: Uncaught Error: Return value of App\Controller\UserController::index() must be an instance of Symfony\Component\HttpFoundation\Response, none returned {"exception":"[object] (TypeError(code: 0): Return value of App\\Controller\\UserController::index() must be an instance of Symfony\\Component\\HttpFoundation\\Response, none returned at /homepages/34/d711344799/htdocs/eiffage/src/Controller/UserController.php:41)"} []
[2021-05-18T08:12:53.617805+02:00] request.CRITICAL: Uncaught PHP Exception TypeError: "Return value of App\Controller\UserController::index() must be an instance of Symfony\Component\HttpFoundation\Response, none returned" at /homepages/34/d711344799/htdocs/eiffage/src/Controller/UserController.php line 41 {"exception":"[object] (TypeError(code: 0): Return value of App\\Controller\\UserController::index() must be an instance of Symfony\\Component\\HttpFoundation\\Response, none returned at /homepages/34/d711344799/htdocs/eiffage/src/Controller/UserController.php:41)"} []
[2021-05-20T10:55:58.486308+02:00] request.INFO: Matched route "user_index". {"route":"user_index","route_parameters":{"_route":"user_index","_controller":"App\\Controller\\UserController::index"},"request_uri":"http://wassimdahmane.fr/user/","method":"GET"} []
[2021-05-20T10:55:58.495986+02:00] security.DEBUG: Checking for guard authentication credentials. {"firewall_key":"main","authenticators":1} []
[2021-05-20T10:55:58.496000+02:00] security.DEBUG: Checking support on guard authenticator. {"firewall_key":"main","authenticator":"App\\Security\\LoginFormAuthenticator"} []
[2021-05-20T10:55:58.496006+02:00] security.DEBUG: Guard authenticator does not support the request. {"firewall_key":"main","authenticator":"App\\Security\\LoginFormAuthenticator"} []
[2021-05-20T10:55:58.520780+02:00] security.INFO: Populated the TokenStorage with an anonymous Token. [] []
[2021-05-20T10:55:58.555234+02:00] php.CRITICAL: Uncaught Error: Return value of App\Controller\UserController::index() must be an instance of Symfony\Component\HttpFoundation\Response, none returned {"exception":"[object] (TypeError(code: 0): Return value of App\\Controller\\UserController::index() must be an instance of Symfony\\Component\\HttpFoundation\\Response, none returned at /homepages/34/d711344799/htdocs/eiffage/src/Controller/UserController.php:41)"} []
[2021-05-20T10:55:58.765298+02:00] request.CRITICAL: Uncaught PHP Exception TypeError: "Return value of App\Controller\UserController::index() must be an instance of Symfony\Component\HttpFoundation\Response, none returned" at /homepages/34/d711344799/htdocs/eiffage/src/Controller/UserController.php line 41 {"exception":"[object] (TypeError(code: 0): Return value of App\\Controller\\UserController::index() must be an instance of Symfony\\Component\\HttpFoundation\\Response, none returned at /homepages/34/d711344799/htdocs/eiffage/src/Controller/UserController.php:41)"} []
[2021-06-10T13:43:11.584198+02:00] request.INFO: Matched route "product_index". {"route":"product_index","route_parameters":{"_route":"product_index","_controller":"App\\Controller\\ProductController::index"},"request_uri":"http://wassimdahmane.fr/product/","method":"GET"} []
[2021-06-10T13:43:11.594017+02:00] security.DEBUG: Checking for guard authentication credentials. {"firewall_key":"main","authenticators":1} []
[2021-06-10T13:43:11.594034+02:00] security.DEBUG: Checking support on guard authenticator. {"firewall_key":"main","authenticator":"App\\Security\\LoginFormAuthenticator"} []
[2021-06-10T13:43:11.594041+02:00] security.DEBUG: Guard authenticator does not support the request. {"firewall_key":"main","authenticator":"App\\Security\\LoginFormAuthenticator"} []
[2021-06-10T13:43:11.639383+02:00] security.INFO: Populated the TokenStorage with an anonymous Token. [] []
[2021-06-10T13:43:11.647910+02:00] php.CRITICAL: Uncaught Error: Return value of App\Controller\ProductController::index() must be an instance of Symfony\Component\HttpFoundation\Response, none returned {"exception":"[object] (TypeError(code: 0): Return value of App\\Controller\\ProductController::index() must be an instance of Symfony\\Component\\HttpFoundation\\Response, none returned at /homepages/34/d711344799/htdocs/eiffage/src/Controller/ProductController.php:71)"} []
[2021-06-10T13:43:11.745029+02:00] request.CRITICAL: Uncaught PHP Exception TypeError: "Return value of App\Controller\ProductController::index() must be an instance of Symfony\Component\HttpFoundation\Response, none returned" at /homepages/34/d711344799/htdocs/eiffage/src/Controller/ProductController.php line 71 {"exception":"[object] (TypeError(code: 0): Return value of App\\Controller\\ProductController::index() must be an instance of Symfony\\Component\\HttpFoundation\\Response, none returned at /homepages/34/d711344799/htdocs/eiffage/src/Controller/ProductController.php:71)"} []
[2021-06-10T13:54:01.385586+02:00] request.INFO: Matched route "user_index". {"route":"user_index","route_parameters":{"_route":"user_index","_controller":"App\\Controller\\UserController::index"},"request_uri":"http://wassimdahmane.fr/user/","method":"GET"} []
[2021-06-10T13:54:01.395259+02:00] security.DEBUG: Checking for guard authentication credentials. {"firewall_key":"main","authenticators":1} []
[2021-06-10T13:54:01.395277+02:00] security.DEBUG: Checking support on guard authenticator. {"firewall_key":"main","authenticator":"App\\Security\\LoginFormAuthenticator"} []
[2021-06-10T13:54:01.395287+02:00] security.DEBUG: Guard authenticator does not support the request. {"firewall_key":"main","authenticator":"App\\Security\\LoginFormAuthenticator"} []
[2021-06-10T13:54:01.421185+02:00] security.INFO: Populated the TokenStorage with an anonymous Token. [] []
[2021-06-10T13:54:01.421735+02:00] php.CRITICAL: Uncaught Error: Return value of App\Controller\UserController::index() must be an instance of Symfony\Component\HttpFoundation\Response, none returned {"exception":"[object] (TypeError(code: 0): Return value of App\\Controller\\UserController::index() must be an instance of Symfony\\Component\\HttpFoundation\\Response, none returned at /homepages/34/d711344799/htdocs/eiffage/src/Controller/UserController.php:41)"} []
[2021-06-10T13:54:01.425053+02:00] request.CRITICAL: Uncaught PHP Exception TypeError: "Return value of App\Controller\UserController::index() must be an instance of Symfony\Component\HttpFoundation\Response, none returned" at /homepages/34/d711344799/htdocs/eiffage/src/Controller/UserController.php line 41 {"exception":"[object] (TypeError(code: 0): Return value of App\\Controller\\UserController::index() must be an instance of Symfony\\Component\\HttpFoundation\\Response, none returned at /homepages/34/d711344799/htdocs/eiffage/src/Controller/UserController.php:41)"} []
[2021-06-29T10:51:57.514595+02:00] request.INFO: Matched route "user_index". {"route":"user_index","route_parameters":{"_route":"user_index","_controller":"App\\Controller\\UserController::index"},"request_uri":"http://wassimdahmane.fr/user/","method":"GET"} []
[2021-06-29T10:51:57.524663+02:00] security.DEBUG: Checking for guard authentication credentials. {"firewall_key":"main","authenticators":1} []
[2021-06-29T10:51:57.524679+02:00] security.DEBUG: Checking support on guard authenticator. {"firewall_key":"main","authenticator":"App\\Security\\LoginFormAuthenticator"} []
[2021-06-29T10:51:57.524686+02:00] security.DEBUG: Guard authenticator does not support the request. {"firewall_key":"main","authenticator":"App\\Security\\LoginFormAuthenticator"} []
[2021-06-29T10:51:58.121074+02:00] security.INFO: Populated the TokenStorage with an anonymous Token. [] []
[2021-06-29T10:51:58.155398+02:00] php.CRITICAL: Uncaught Error: Return value of App\Controller\UserController::index() must be an instance of Symfony\Component\HttpFoundation\Response, none returned {"exception":"[object] (TypeError(code: 0): Return value of App\\Controller\\UserController::index() must be an instance of Symfony\\Component\\HttpFoundation\\Response, none returned at /homepages/34/d711344799/htdocs/eiffage/src/Controller/UserController.php:41)"} []
[2021-06-29T10:51:58.578337+02:00] request.CRITICAL: Uncaught PHP Exception TypeError: "Return value of App\Controller\UserController::index() must be an instance of Symfony\Component\HttpFoundation\Response, none returned" at /homepages/34/d711344799/htdocs/eiffage/src/Controller/UserController.php line 41 {"exception":"[object] (TypeError(code: 0): Return value of App\\Controller\\UserController::index() must be an instance of Symfony\\Component\\HttpFoundation\\Response, none returned at /homepages/34/d711344799/htdocs/eiffage/src/Controller/UserController.php:41)"} []
[2021-06-29T10:54:29.106817+02:00] request.INFO: Matched route "product_index". {"route":"product_index","route_parameters":{"_route":"product_index","_controller":"App\\Controller\\ProductController::index"},"request_uri":"http://wassimdahmane.fr/product/","method":"GET"} []
[2021-06-29T10:54:29.117868+02:00] security.DEBUG: Checking for guard authentication credentials. {"firewall_key":"main","authenticators":1} []
[2021-06-29T10:54:29.117887+02:00] security.DEBUG: Checking support on guard authenticator. {"firewall_key":"main","authenticator":"App\\Security\\LoginFormAuthenticator"} []
[2021-06-29T10:54:29.117895+02:00] security.DEBUG: Guard authenticator does not support the request. {"firewall_key":"main","authenticator":"App\\Security\\LoginFormAuthenticator"} []
[2021-06-29T10:54:29.173219+02:00] security.INFO: Populated the TokenStorage with an anonymous Token. [] []
[2021-06-29T10:54:29.174215+02:00] php.CRITICAL: Uncaught Error: Return value of App\Controller\ProductController::index() must be an instance of Symfony\Component\HttpFoundation\Response, none returned {"exception":"[object] (TypeError(code: 0): Return value of App\\Controller\\ProductController::index() must be an instance of Symfony\\Component\\HttpFoundation\\Response, none returned at /homepages/34/d711344799/htdocs/eiffage/src/Controller/ProductController.php:71)"} []
[2021-06-29T10:54:29.179677+02:00] request.CRITICAL: Uncaught PHP Exception TypeError: "Return value of App\Controller\ProductController::index() must be an instance of Symfony\Component\HttpFoundation\Response, none returned" at /homepages/34/d711344799/htdocs/eiffage/src/Controller/ProductController.php line 71 {"exception":"[object] (TypeError(code: 0): Return value of App\\Controller\\ProductController::index() must be an instance of Symfony\\Component\\HttpFoundation\\Response, none returned at /homepages/34/d711344799/htdocs/eiffage/src/Controller/ProductController.php:71)"} []
[2021-06-29T11:01:15.839048+02:00] request.INFO: Matched route "user_index". {"route":"user_index","route_parameters":{"_route":"user_index","_controller":"App\\Controller\\UserController::index"},"request_uri":"http://wassimdahmane.fr/user/","method":"GET"} []
[2021-06-29T11:01:15.849711+02:00] security.DEBUG: Checking for guard authentication credentials. {"firewall_key":"main","authenticators":1} []
[2021-06-29T11:01:15.849730+02:00] security.DEBUG: Checking support on guard authenticator. {"firewall_key":"main","authenticator":"App\\Security\\LoginFormAuthenticator"} []
[2021-06-29T11:01:15.849738+02:00] security.DEBUG: Guard authenticator does not support the request. {"firewall_key":"main","authenticator":"App\\Security\\LoginFormAuthenticator"} []
[2021-06-29T11:01:15.877411+02:00] security.INFO: Populated the TokenStorage with an anonymous Token. [] []
[2021-06-29T11:01:15.878027+02:00] php.CRITICAL: Uncaught Error: Return value of App\Controller\UserController::index() must be an instance of Symfony\Component\HttpFoundation\Response, none returned {"exception":"[object] (TypeError(code: 0): Return value of App\\Controller\\UserController::index() must be an instance of Symfony\\Component\\HttpFoundation\\Response, none returned at /homepages/34/d711344799/htdocs/eiffage/src/Controller/UserController.php:41)"} []
[2021-06-29T11:01:15.881754+02:00] request.CRITICAL: Uncaught PHP Exception TypeError: "Return value of App\Controller\UserController::index() must be an instance of Symfony\Component\HttpFoundation\Response, none returned" at /homepages/34/d711344799/htdocs/eiffage/src/Controller/UserController.php line 41 {"exception":"[object] (TypeError(code: 0): Return value of App\\Controller\\UserController::index() must be an instance of Symfony\\Component\\HttpFoundation\\Response, none returned at /homepages/34/d711344799/htdocs/eiffage/src/Controller/UserController.php:41)"} []
[2021-07-13T12:32:38.685492+02:00] request.INFO: Matched route "user_index". {"route":"user_index","route_parameters":{"_route":"user_index","_controller":"App\\Controller\\UserController::index"},"request_uri":"http://wassimdahmane.fr/user/","method":"GET"} []
[2021-07-13T12:32:38.695123+02:00] security.DEBUG: Checking for guard authentication credentials. {"firewall_key":"main","authenticators":1} []
[2021-07-13T12:32:38.695138+02:00] security.DEBUG: Checking support on guard authenticator. {"firewall_key":"main","authenticator":"App\\Security\\LoginFormAuthenticator"} []
[2021-07-13T12:32:38.695145+02:00] security.DEBUG: Guard authenticator does not support the request. {"firewall_key":"main","authenticator":"App\\Security\\LoginFormAuthenticator"} []
[2021-07-13T12:32:38.721406+02:00] security.DEBUG: Read existing security token from the session. {"key":"_security_main","token_class":"Symfony\\Component\\Security\\Guard\\Token\\PostAuthenticationGuardToken"} []
[2021-07-13T12:32:38.740240+02:00] security.DEBUG: Cannot refresh token because user has changed. {"username":"admin","provider":"Symfony\\Bridge\\Doctrine\\Security\\User\\EntityUserProvider"} []
[2021-07-13T12:32:38.740269+02:00] security.DEBUG: Token was deauthenticated after trying to refresh it. [] []
[2021-07-13T12:32:38.754218+02:00] security.INFO: Populated the TokenStorage with an anonymous Token. [] []
[2021-07-13T12:32:38.793826+02:00] php.CRITICAL: Uncaught Error: Return value of App\Controller\UserController::index() must be an instance of Symfony\Component\HttpFoundation\Response, none returned {"exception":"[object] (TypeError(code: 0): Return value of App\\Controller\\UserController::index() must be an instance of Symfony\\Component\\HttpFoundation\\Response, none returned at /homepages/34/d711344799/htdocs/eiffage/src/Controller/UserController.php:41)"} []
[2021-07-13T12:32:39.109790+02:00] request.CRITICAL: Uncaught PHP Exception TypeError: "Return value of App\Controller\UserController::index() must be an instance of Symfony\Component\HttpFoundation\Response, none returned" at /homepages/34/d711344799/htdocs/eiffage/src/Controller/UserController.php line 41 {"exception":"[object] (TypeError(code: 0): Return value of App\\Controller\\UserController::index() must be an instance of Symfony\\Component\\HttpFoundation\\Response, none returned at /homepages/34/d711344799/htdocs/eiffage/src/Controller/UserController.php:41)"} []
[2021-08-09T14:22:11.863117+02:00] request.INFO: Matched route "product_show". {"route":"product_show","route_parameters":{"_route":"product_show","_controller":"App\\Controller\\ProductController::show","id":"1"},"request_uri":"http://wassimdahmane.fr/product/1","method":"GET"} []
[2021-08-09T14:22:11.873598+02:00] security.DEBUG: Checking for guard authentication credentials. {"firewall_key":"main","authenticators":1} []
[2021-08-09T14:22:11.873614+02:00] security.DEBUG: Checking support on guard authenticator. {"firewall_key":"main","authenticator":"App\\Security\\LoginFormAuthenticator"} []
[2021-08-09T14:22:11.873621+02:00] security.DEBUG: Guard authenticator does not support the request. {"firewall_key":"main","authenticator":"App\\Security\\LoginFormAuthenticator"} []
[2021-08-09T14:22:11.996911+02:00] security.DEBUG: Read existing security token from the session. {"key":"_security_main","token_class":"Symfony\\Component\\Security\\Guard\\Token\\PostAuthenticationGuardToken"} []
[2021-08-09T14:22:11.999084+02:00] security.DEBUG: User was reloaded from a user provider. {"provider":"Symfony\\Bridge\\Doctrine\\Security\\User\\EntityUserProvider","username":"admin"} []
[2021-08-09T14:22:12.009746+02:00] php.CRITICAL: Uncaught Error: Object of class Proxies\__CG__\App\Entity\Provider could not be converted to string {"exception":"[object] (Error(code: 0): Object of class Proxies\\__CG__\\App\\Entity\\Provider could not be converted to string at /homepages/34/d711344799/htdocs/eiffage/var/cache/prod/twig/cd/cd4b97132c92437ff241c2580a0515d801c793dee3b41c7184a94a5412683601.php:92)"} []
[2021-08-09T14:22:12.122337+02:00] request.CRITICAL: Uncaught PHP Exception Error: "Object of class Proxies\__CG__\App\Entity\Provider could not be converted to string" at /homepages/34/d711344799/htdocs/eiffage/var/cache/prod/twig/cd/cd4b97132c92437ff241c2580a0515d801c793dee3b41c7184a94a5412683601.php line 92 {"exception":"[object] (Error(code: 0): Object of class Proxies\\__CG__\\App\\Entity\\Provider could not be converted to string at /homepages/34/d711344799/htdocs/eiffage/var/cache/prod/twig/cd/cd4b97132c92437ff241c2580a0515d801c793dee3b41c7184a94a5412683601.php:92)"} []
[2021-08-09T14:22:12.139147+02:00] security.DEBUG: Stored the security token in the session. {"key":"_security_main"} []
